  [1m[35m (0.1ms)[0m  [1m[34mSELECT sqlite_version(*)[0m
  ↳ bin/rails:9
  [1m[35m (1.3ms)[0m  [1m[35mCREATE TABLE "schema_migrations" ("version" varchar NOT NULL PRIMARY KEY)[0m
  ↳ bin/rails:9
  [1m[35m (1.0ms)[0m  [1m[35mCREATE TABLE "ar_internal_metadata" ("key" varchar NOT NULL PRIMARY KEY, "value" varchar, "created_at" datetime NOT NULL, "updated_at" datetime NOT NULL)[0m
  ↳ bin/rails:9
  [1m[36mActiveRecord::InternalMetadata Load (0.3ms)[0m  [1m[34mSELECT  "ar_internal_metadata".* FROM "ar_internal_metadata" WHERE "ar_internal_metadata"."key" = ? LIMIT ?[0m  [["key", "environment"], ["LIMIT", 1]]
  ↳ bin/rails:9
  [1m[35m (0.1ms)[0m  [1m[36mbegin transaction[0m
  ↳ bin/rails:9
  [1m[36mActiveRecord::InternalMetadata Create (0.4ms)[0m  [1m[32mINSERT INTO "ar_internal_metadata" ("key", "value", "created_at", "updated_at") VALUES (?, ?, ?, ?)[0m  [["key", "environment"], ["value", "development"], ["created_at", "2018-08-20 14:04:55.401865"], ["updated_at", "2018-08-20 14:04:55.401865"]]
  ↳ bin/rails:9
  [1m[35m (8.7ms)[0m  [1m[36mcommit transaction[0m
  ↳ bin/rails:9
  [1m[35m (0.1ms)[0m  [1m[34mSELECT "schema_migrations"."version" FROM "schema_migrations" ORDER BY "schema_migrations"."version" ASC[0m
  ↳ bin/rails:9
Started GET "/" for 127.0.0.1 at 2018-08-20 16:08:01 +0200
Started GET "/" for 127.0.0.1 at 2018-08-20 16:08:02 +0200
Processing by PagesController#index as HTML
Processing by PagesController#index as HTML
  Rendering pages/index.html.erb within layouts/application
  Rendering pages/index.html.erb within layouts/application
  Rendered pages/index.html.erb within layouts/application (217.3ms)
  Rendered pages/index.html.erb within layouts/application (299.9ms)
Completed 200 OK in 115763ms (Views: 114723.1ms | ActiveRecord: 0.0ms)


Completed 200 OK in 116226ms (Views: 115044.4ms | ActiveRecord: 0.0ms)


Started GET "/" for 127.0.0.1 at 2018-08-20 16:11:10 +0200
Processing by PagesController#index as HTML
  Rendering pages/index.html.erb within layouts/application
  Rendered pages/index.html.erb within layouts/application (0.7ms)
Completed 200 OK in 123ms (Views: 117.9ms | ActiveRecord: 0.0ms)


Started GET "/" for 127.0.0.1 at 2018-08-20 16:29:53 +0200
Processing by PagesController#index as HTML
  Rendering pages/index.html.erb within layouts/application
  Rendered pages/index.html.erb within layouts/application (3.4ms)
Completed 200 OK in 379ms (Views: 365.2ms | ActiveRecord: 0.0ms)


Started GET "/" for 127.0.0.1 at 2018-08-20 16:31:04 +0200
Processing by PagesController#index as HTML
  Rendering pages/index.html.erb within layouts/application
  Rendered pages/index.html.erb within layouts/application (0.4ms)
Completed 200 OK in 161ms (Views: 157.6ms | ActiveRecord: 0.0ms)


Started GET "/" for 127.0.0.1 at 2018-08-20 16:31:23 +0200
Processing by PagesController#index as HTML
  Rendering pages/index.html.erb within layouts/application
  Rendered pages/index.html.erb within layouts/application (2.5ms)
Completed 200 OK in 458ms (Views: 446.4ms | ActiveRecord: 0.0ms)


Started GET "/" for 127.0.0.1 at 2018-08-20 16:34:56 +0200
Processing by PagesController#index as HTML
  Rendering pages/index.html.erb within layouts/application
  Rendered pages/index.html.erb within layouts/application (0.5ms)
Completed 200 OK in 141ms (Views: 138.0ms | ActiveRecord: 0.0ms)


Started GET "/" for 127.0.0.1 at 2018-08-20 17:21:08 +0200
Processing by PagesController#index as HTML
  Rendering pages/index.html.erb within layouts/application
  Rendered pages/index.html.erb within layouts/application (1.9ms)
Completed 200 OK in 602ms (Views: 589.8ms | ActiveRecord: 0.0ms)


